{
  "RSpec": {
    "coverage": {
      "/Users/maxfred/code/ruby/bonne-bouche/app/models/recipe.rb": {
        "lines": [
          null,
          null,
          null,
          1,
          1,
          null,
          1,
          1,
          1,
          null
        ],
        "branches": {
        }
      },
      "/Users/maxfred/code/ruby/bonne-bouche/app/models/application_record.rb": {
        "lines": [
          null,
          null,
          null,
          1,
          1,
          null
        ],
        "branches": {
        }
      },
      "/Users/maxfred/code/ruby/bonne-bouche/app/controllers/recipes_controller.rb": {
        "lines": [
          null,
          null,
          1,
          1,
          null,
          null,
          1,
          0,
          null,
          null,
          null,
          1,
          null,
          null,
          1,
          1,
          null,
          null,
          null,
          1,
          null,
          null,
          1,
          0,
          null,
          0,
          0,
          0,
          0,
          null,
          0,
          0,
          null,
          null,
          null,
          null,
          null,
          1,
          0,
          0,
          0,
          0,
          null,
          0,
          0,
          null,
          null,
          null,
          null,
          null,
          1,
          0,
          null,
          0,
          0,
          0,
          null,
          null,
          null,
          1,
          null,
          null,
          1,
          0,
          null,
          null,
          null,
          1,
          0,
          null,
          null,
          null
        ],
        "branches": {
          "[:if, 0, 27, 6, 33, 9]": {
            "[:then, 1, 28, 8, 29, 73]": 0,
            "[:else, 2, 31, 8, 32, 82]": 0
          },
          "[:if, 3, 40, 6, 46, 9]": {
            "[:then, 4, 41, 8, 42, 68]": 0,
            "[:else, 5, 44, 8, 45, 82]": 0
          }
        }
      },
      "/Users/maxfred/code/ruby/bonne-bouche/app/controllers/application_controller.rb": {
        "lines": [
          null,
          null,
          1,
          null
        ],
        "branches": {
        }
      },
      "/Users/maxfred/code/ruby/bonne-bouche/app/channels/application_cable/channel.rb": {
        "lines": [
          null,
          null,
          0,
          0,
          0,
          0
        ],
        "branches": {
        }
      },
      "/Users/maxfred/code/ruby/bonne-bouche/app/channels/application_cable/connection.rb": {
        "lines": [
          null,
          null,
          0,
          0,
          0,
          0
        ],
        "branches": {
        }
      },
      "/Users/maxfred/code/ruby/bonne-bouche/app/helpers/application_helper.rb": {
        "lines": [
          null,
          null,
          null,
          0,
          0
        ],
        "branches": {
        }
      },
      "/Users/maxfred/code/ruby/bonne-bouche/app/helpers/recipes_helper.rb": {
        "lines": [
          null,
          null,
          0,
          0
        ],
        "branches": {
        }
      },
      "/Users/maxfred/code/ruby/bonne-bouche/app/jobs/application_job.rb": {
        "lines": [
          null,
          null,
          0,
          null,
          null,
          null,
          null,
          null,
          0
        ],
        "branches": {
        }
      },
      "/Users/maxfred/code/ruby/bonne-bouche/app/mailers/application_mailer.rb": {
        "lines": [
          null,
          null,
          null,
          0,
          0,
          0,
          0
        ],
        "branches": {
        }
      }
    },
    "timestamp": 1672728099
  }
}
